Building DAG of jobs...
Using shell: /bin/bash
Provided cores: 2
Rules claiming more threads will be scaled down.
Job counts:
	count	jobs
	1	all
	1	decomp
	2

[Sat Aug 29 17:28:48 2020]
rule decomp:
    input: data/bevCombind.vcf
    output: data/interim/bevCombind.vcfdecom.vcf
    jobid: 1
    wildcards: sample=bevCombind

vt decompose data/bevCombind.vcf -o data/interim/bevCombind.vcfdecom.vcf
Terminating processes on user request, this might take some time.
[Sat Aug 29 17:28:54 2020]
Error in rule decomp:
    jobid: 1
    output: data/interim/bevCombind.vcfdecom.vcf

RuleException:
CalledProcessError in line 32 of /Users/duongn/WorkFolder/WorkFolder/WES/final_run/Snakefile_wes:
Command ' set -euo pipefail;  vt decompose data/bevCombind.vcf -o data/interim/bevCombind.vcfdecom.vcf ' died with <Signals.SIGINT: 2>.
  File "/Users/duongn/WorkFolder/WorkFolder/WES/final_run/Snakefile_wes", line 32, in __rule_decomp
  File "/opt/anaconda3/envs/snakemake/lib/python3.6/concurrent/futures/thread.py", line 56, in run
Removing output files of failed job decomp since they might be corrupted:
data/interim/bevCombind.vcfdecom.vcf
Complete log: /Users/duongn/WorkFolder/WorkFolder/WES/final_run/.snakemake/log/2020-08-29T172847.979820.snakemake.log
